!SESSION 2016-08-28 18:53:43.239 -----------------------------------------------
eclipse.buildId=unknown
java.version=1.8.0_91
java.vendor=Oracle Corporation
BootLoader constants: OS=linux, ARCH=x86, WS=gtk, NL=en_US
Command-line arguments:  -console

!ENTRY org.eclipse.equinox.ds 4 0 2016-08-28 18:54:09.420
!MESSAGE Could not bind a reference of component org.openhab.core.itemregistry. The reference is: Reference[name = ItemProvider, interface = org.openhab.core.items.ItemProvider, policy = dynamic, cardinality = 0..n, target = null, bind = addItemProvider, unbind = removeItemProvider]

!ENTRY org.eclipse.equinox.ds 4 0 2016-08-28 18:54:09.422
!MESSAGE Could not bind a reference of component org.openhab.core.itemregistry. The reference is: Reference[name = ItemProvider, interface = org.openhab.core.items.ItemProvider, policy = dynamic, cardinality = 0..n, target = null, bind = addItemProvider, unbind = removeItemProvider]

!ENTRY org.eclipse.equinox.ds 4 0 2016-08-28 18:54:09.827
!MESSAGE Could not bind a reference of component org.openhab.core.persistence.extensions. The reference is: Reference[name = PersistenceService, interface = org.openhab.core.persistence.PersistenceService, policy = dynamic, cardinality = 0..n, target = null, bind = addPersistenceService, unbind = removePersistenceService]

!ENTRY org.eclipse.equinox.ds 4 0 2016-08-28 18:54:09.835
!MESSAGE Could not bind a reference of component org.openhab.core.persistence.extensions. The reference is: Reference[name = PersistenceService, interface = org.openhab.core.persistence.PersistenceService, policy = dynamic, cardinality = 0..n, target = null, bind = addPersistenceService, unbind = removePersistenceService]

!ENTRY org.eclipse.equinox.ds 4 0 2016-08-28 18:54:17.717
!MESSAGE Could not bind a reference of component org.openhab.core.persistence.manager. The reference is: Reference[name = PersistenceService, interface = org.openhab.core.persistence.PersistenceService, policy = dynamic, cardinality = 0..n, target = null, bind = addPersistenceService, unbind = removePersistenceService]

!ENTRY org.eclipse.equinox.ds 4 0 2016-08-28 18:54:17.718
!MESSAGE Could not bind a reference of component org.openhab.core.persistence.manager. The reference is: Reference[name = PersistenceService, interface = org.openhab.core.persistence.PersistenceService, policy = dynamic, cardinality = 0..n, target = null, bind = addPersistenceService, unbind = removePersistenceService]

!ENTRY org.eclipse.equinox.ds 4 0 2016-08-28 18:54:45.906
!MESSAGE Could not bind a reference of component org.openhab.ui.chart. The reference is: Reference[name = ChartProvider, interface = org.openhab.ui.chart.ChartProvider, policy = dynamic, cardinality = 0..n, target = null, bind = addChartProvider, unbind = removeChartProvider]

!ENTRY org.eclipse.equinox.ds 4 0 2016-08-28 18:54:45.916
!MESSAGE Could not bind a reference of component org.openhab.ui.chart. The reference is: Reference[name = ChartProvider, interface = org.openhab.ui.chart.ChartProvider, policy = dynamic, cardinality = 0..n, target = null, bind = addChartProvider, unbind = removeChartProvider]

!ENTRY org.eclipse.equinox.ds 4 0 2016-08-28 18:54:45.954
!MESSAGE Could not bind a reference of component org.openhab.ui.chart.defaultprovider. The reference is: Reference[name = PersistenceService, interface = org.openhab.core.persistence.PersistenceService, policy = dynamic, cardinality = 0..n, target = null, bind = addPersistenceService, unbind = removePersistenceService]

!ENTRY org.eclipse.equinox.ds 4 0 2016-08-28 18:54:45.965
!MESSAGE Could not bind a reference of component org.openhab.ui.chart.defaultprovider. The reference is: Reference[name = PersistenceService, interface = org.openhab.core.persistence.PersistenceService, policy = dynamic, cardinality = 0..n, target = null, bind = addPersistenceService, unbind = removePersistenceService]

!ENTRY org.eclipse.equinox.ds 4 0 2016-08-28 18:54:46.143
!MESSAGE Could not bind a reference of component org.openhab.ui.webapp.pagerenderer. The reference is: Reference[name = WidgetRenderer, interface = org.openhab.ui.webapp.render.WidgetRenderer, policy = dynamic, cardinality = 0..n, target = null, bind = addWidgetRenderer, unbind = removeWidgetRenderer]

!ENTRY org.eclipse.equinox.ds 4 0 2016-08-28 18:54:46.157
!MESSAGE Could not bind a reference of component org.openhab.ui.webapp.pagerenderer. The reference is: Reference[name = WidgetRenderer, interface = org.openhab.ui.webapp.render.WidgetRenderer, policy = dynamic, cardinality = 0..n, target = null, bind = addWidgetRenderer, unbind = removeWidgetRenderer]

!ENTRY org.openhab.ui.webapp 4 0 2016-08-28 18:57:31.593
!MESSAGE [SCR] Error while attempting to deactivate instance of component Component[
	name = org.openhab.ui.webapp.webappservlet
	activate = activate
	deactivate = deactivate
	modified = 
	configuration-policy = optional
	factory = null
	autoenable = true
	immediate = true
	implementation = org.openhab.ui.webapp.internal.servlet.WebAppServlet
	state = Unsatisfied
	properties = 
	serviceFactory = false
	serviceInterface = null
	references = {
		Reference[name = ItemRegistry, interface = org.openhab.core.items.ItemRegistry, policy = dynamic, cardinality = 1..1, target = null, bind = setItemRegistry, unbind = unsetItemRegistry]
		Reference[name = HttpService, interface = org.osgi.service.http.HttpService, policy = dynamic, cardinality = 1..1, target = null, bind = setHttpService, unbind = unsetHttpService]
		Reference[name = SitemapProvider, interface = org.openhab.model.sitemap.SitemapProvider, policy = dynamic, cardinality = 1..1, target = null, bind = setSitemapProvider, unbind = unsetSitemapProvider]
		Reference[name = PageRenderer, interface = org.openhab.ui.webapp.internal.render.PageRenderer, policy = static, cardinality = 1..1, target = null, bind = setPageRenderer, unbind = null]
	}
	located in bundle = org.openhab.ui.webapp_1.8.3 [211]
]
!STACK 0
java.lang.reflect.InvocationTargetException
	at sun.reflect.NativeMethodAccessorImpl.invoke0(Native Method)
	at sun.reflect.NativeMethodAccessorImpl.invoke(NativeMethodAccessorImpl.java:62)
	at sun.reflect.DelegatingMethodAccessorImpl.invoke(DelegatingMethodAccessorImpl.java:43)
	at java.lang.reflect.Method.invoke(Method.java:498)
	at org.eclipse.equinox.internal.ds.model.ServiceComponent.deactivate(ServiceComponent.java:363)
	at org.eclipse.equinox.internal.ds.model.ServiceComponentProp.deactivate(ServiceComponentProp.java:161)
	at org.eclipse.equinox.internal.ds.model.ServiceComponentProp.dispose(ServiceComponentProp.java:387)
	at org.eclipse.equinox.internal.ds.model.ServiceComponentProp.dispose(ServiceComponentProp.java:102)
	at org.eclipse.equinox.internal.ds.InstanceProcess.disposeInstances(InstanceProcess.java:344)
	at org.eclipse.equinox.internal.ds.InstanceProcess.disposeInstances(InstanceProcess.java:306)
	at org.eclipse.equinox.internal.ds.Resolver.getEligible(Resolver.java:368)
	at org.eclipse.equinox.internal.ds.SCRManager.serviceChanged(SCRManager.java:222)
	at org.eclipse.osgi.internal.serviceregistry.FilteredServiceListener.serviceChanged(FilteredServiceListener.java:107)
	at org.eclipse.osgi.framework.internal.core.BundleContextImpl.dispatchEvent(BundleContextImpl.java:861)
	at org.eclipse.osgi.framework.eventmgr.EventManager.dispatchEvent(EventManager.java:230)
	at org.eclipse.osgi.framework.eventmgr.ListenerQueue.dispatchEventSynchronous(ListenerQueue.java:148)
	at org.eclipse.osgi.internal.serviceregistry.ServiceRegistry.publishServiceEventPrivileged(ServiceRegistry.java:819)
	at org.eclipse.osgi.internal.serviceregistry.ServiceRegistry.publishServiceEvent(ServiceRegistry.java:771)
	at org.eclipse.osgi.internal.serviceregistry.ServiceRegistrationImpl.unregister(ServiceRegistrationImpl.java:225)
	at org.eclipse.equinox.http.servlet.internal.Activator.removeProxyServlet(Activator.java:87)
	at org.eclipse.equinox.http.servlet.internal.ProxyServlet.destroy(ProxyServlet.java:44)
	at org.eclipse.jetty.servlet.ServletHolder.destroyInstance(ServletHolder.java:362)
	at org.eclipse.jetty.servlet.ServletHolder.doStop(ServletHolder.java:336)
	at org.eclipse.jetty.util.component.AbstractLifeCycle.stop(AbstractLifeCycle.java:84)
	at org.eclipse.jetty.servlet.ServletHandler.doStop(ServletHandler.java:208)
	at org.eclipse.jetty.util.component.AbstractLifeCycle.stop(AbstractLifeCycle.java:84)
	at org.eclipse.jetty.server.handler.HandlerWrapper.doStop(HandlerWrapper.java:102)
	at org.eclipse.jetty.server.session.SessionHandler.doStop(SessionHandler.java:133)
	at org.eclipse.jetty.util.component.AbstractLifeCycle.stop(AbstractLifeCycle.java:84)
	at org.eclipse.jetty.server.handler.HandlerWrapper.doStop(HandlerWrapper.java:102)
	at org.eclipse.jetty.server.handler.ContextHandler.doStop(ContextHandler.java:798)
	at org.eclipse.jetty.servlet.ServletContextHandler.doStop(ServletContextHandler.java:153)
	at org.eclipse.jetty.util.component.AbstractLifeCycle.stop(AbstractLifeCycle.java:84)
	at org.eclipse.jetty.server.handler.HandlerCollection.doStop(HandlerCollection.java:245)
	at org.eclipse.jetty.util.component.AbstractLifeCycle.stop(AbstractLifeCycle.java:84)
	at org.eclipse.jetty.server.handler.HandlerCollection.doStop(HandlerCollection.java:245)
	at org.eclipse.jetty.util.component.AbstractLifeCycle.stop(AbstractLifeCycle.java:84)
	at org.eclipse.jetty.server.handler.HandlerWrapper.doStop(HandlerWrapper.java:102)
	at org.eclipse.jetty.server.Server.doStop(Server.java:323)
	at org.eclipse.jetty.util.component.AbstractLifeCycle.stop(AbstractLifeCycle.java:84)
	at org.eclipse.jetty.util.thread.ShutdownThread.run(ShutdownThread.java:124)
Caused by: java.lang.IllegalArgumentException: Alias not found: /classicui/openhab.app
	at org.eclipse.equinox.http.servlet.internal.HttpServiceImpl.unregister(HttpServiceImpl.java:90)
	at org.openhab.ui.webapp.internal.servlet.WebAppServlet.deactivate(WebAppServlet.java:89)
	... 41 more
Root exception:
java.lang.IllegalArgumentException: Alias not found: /classicui/openhab.app
	at org.eclipse.equinox.http.servlet.internal.HttpServiceImpl.unregister(HttpServiceImpl.java:90)
	at org.openhab.ui.webapp.internal.servlet.WebAppServlet.deactivate(WebAppServlet.java:89)
	at sun.reflect.NativeMethodAccessorImpl.invoke0(Native Method)
	at sun.reflect.NativeMethodAccessorImpl.invoke(NativeMethodAccessorImpl.java:62)
	at sun.reflect.DelegatingMethodAccessorImpl.invoke(DelegatingMethodAccessorImpl.java:43)
	at java.lang.reflect.Method.invoke(Method.java:498)
	at org.eclipse.equinox.internal.ds.model.ServiceComponent.deactivate(ServiceComponent.java:363)
	at org.eclipse.equinox.internal.ds.model.ServiceComponentProp.deactivate(ServiceComponentProp.java:161)
	at org.eclipse.equinox.internal.ds.model.ServiceComponentProp.dispose(ServiceComponentProp.java:387)
	at org.eclipse.equinox.internal.ds.model.ServiceComponentProp.dispose(ServiceComponentProp.java:102)
	at org.eclipse.equinox.internal.ds.InstanceProcess.disposeInstances(InstanceProcess.java:344)
	at org.eclipse.equinox.internal.ds.InstanceProcess.disposeInstances(InstanceProcess.java:306)
	at org.eclipse.equinox.internal.ds.Resolver.getEligible(Resolver.java:368)
	at org.eclipse.equinox.internal.ds.SCRManager.serviceChanged(SCRManager.java:222)
	at org.eclipse.osgi.internal.serviceregistry.FilteredServiceListener.serviceChanged(FilteredServiceListener.java:107)
	at org.eclipse.osgi.framework.internal.core.BundleContextImpl.dispatchEvent(BundleContextImpl.java:861)
	at org.eclipse.osgi.framework.eventmgr.EventManager.dispatchEvent(EventManager.java:230)
	at org.eclipse.osgi.framework.eventmgr.ListenerQueue.dispatchEventSynchronous(ListenerQueue.java:148)
	at org.eclipse.osgi.internal.serviceregistry.ServiceRegistry.publishServiceEventPrivileged(ServiceRegistry.java:819)
	at org.eclipse.osgi.internal.serviceregistry.ServiceRegistry.publishServiceEvent(ServiceRegistry.java:771)
	at org.eclipse.osgi.internal.serviceregistry.ServiceRegistrationImpl.unregister(ServiceRegistrationImpl.java:225)
	at org.eclipse.equinox.http.servlet.internal.Activator.removeProxyServlet(Activator.java:87)
	at org.eclipse.equinox.http.servlet.internal.ProxyServlet.destroy(ProxyServlet.java:44)
	at org.eclipse.jetty.servlet.ServletHolder.destroyInstance(ServletHolder.java:362)
	at org.eclipse.jetty.servlet.ServletHolder.doStop(ServletHolder.java:336)
	at org.eclipse.jetty.util.component.AbstractLifeCycle.stop(AbstractLifeCycle.java:84)
	at org.eclipse.jetty.servlet.ServletHandler.doStop(ServletHandler.java:208)
	at org.eclipse.jetty.util.component.AbstractLifeCycle.stop(AbstractLifeCycle.java:84)
	at org.eclipse.jetty.server.handler.HandlerWrapper.doStop(HandlerWrapper.java:102)
	at org.eclipse.jetty.server.session.SessionHandler.doStop(SessionHandler.java:133)
	at org.eclipse.jetty.util.component.AbstractLifeCycle.stop(AbstractLifeCycle.java:84)
	at org.eclipse.jetty.server.handler.HandlerWrapper.doStop(HandlerWrapper.java:102)
	at org.eclipse.jetty.server.handler.ContextHandler.doStop(ContextHandler.java:798)
	at org.eclipse.jetty.servlet.ServletContextHandler.doStop(ServletContextHandler.java:153)
	at org.eclipse.jetty.util.component.AbstractLifeCycle.stop(AbstractLifeCycle.java:84)
	at org.eclipse.jetty.server.handler.HandlerCollection.doStop(HandlerCollection.java:245)
	at org.eclipse.jetty.util.component.AbstractLifeCycle.stop(AbstractLifeCycle.java:84)
	at org.eclipse.jetty.server.handler.HandlerCollection.doStop(HandlerCollection.java:245)
	at org.eclipse.jetty.util.component.AbstractLifeCycle.stop(AbstractLifeCycle.java:84)
	at org.eclipse.jetty.server.handler.HandlerWrapper.doStop(HandlerWrapper.java:102)
	at org.eclipse.jetty.server.Server.doStop(Server.java:323)
	at org.eclipse.jetty.util.component.AbstractLifeCycle.stop(AbstractLifeCycle.java:84)
	at org.eclipse.jetty.util.thread.ShutdownThread.run(ShutdownThread.java:124)

!ENTRY org.openhab.ui.webapp 4 0 2016-08-28 18:57:31.624
!MESSAGE [SCR] Error while attempting to deactivate instance of component Component[
	name = org.openhab.ui.webapp.webappservlet
	activate = activate
	deactivate = deactivate
	modified = 
	configuration-policy = optional
	factory = null
	autoenable = true
	immediate = true
	implementation = org.openhab.ui.webapp.internal.servlet.WebAppServlet
	state = Unsatisfied
	properties = 
	serviceFactory = false
	serviceInterface = null
	references = {
		Reference[name = ItemRegistry, interface = org.openhab.core.items.ItemRegistry, policy = dynamic, cardinality = 1..1, target = null, bind = setItemRegistry, unbind = unsetItemRegistry]
		Reference[name = HttpService, interface = org.osgi.service.http.HttpService, policy = dynamic, cardinality = 1..1, target = null, bind = setHttpService, unbind = unsetHttpService]
		Reference[name = SitemapProvider, interface = org.openhab.model.sitemap.SitemapProvider, policy = dynamic, cardinality = 1..1, target = null, bind = setSitemapProvider, unbind = unsetSitemapProvider]
		Reference[name = PageRenderer, interface = org.openhab.ui.webapp.internal.render.PageRenderer, policy = static, cardinality = 1..1, target = null, bind = setPageRenderer, unbind = null]
	}
	located in bundle = org.openhab.ui.webapp_1.8.3 [211]
]
!STACK 0
java.lang.reflect.InvocationTargetException
	at sun.reflect.NativeMethodAccessorImpl.invoke0(Native Method)
	at sun.reflect.NativeMethodAccessorImpl.invoke(NativeMethodAccessorImpl.java:62)
	at sun.reflect.DelegatingMethodAccessorImpl.invoke(DelegatingMethodAccessorImpl.java:43)
	at java.lang.reflect.Method.invoke(Method.java:498)
	at org.eclipse.equinox.internal.ds.model.ServiceComponent.deactivate(ServiceComponent.java:363)
	at org.eclipse.equinox.internal.ds.model.ServiceComponentProp.deactivate(ServiceComponentProp.java:161)
	at org.eclipse.equinox.internal.ds.model.ServiceComponentProp.dispose(ServiceComponentProp.java:387)
	at org.eclipse.equinox.internal.ds.model.ServiceComponentProp.dispose(ServiceComponentProp.java:102)
	at org.eclipse.equinox.internal.ds.InstanceProcess.disposeInstances(InstanceProcess.java:344)
	at org.eclipse.equinox.internal.ds.InstanceProcess.disposeInstances(InstanceProcess.java:306)
	at org.eclipse.equinox.internal.ds.Resolver.getEligible(Resolver.java:368)
	at org.eclipse.equinox.internal.ds.SCRManager.serviceChanged(SCRManager.java:222)
	at org.eclipse.osgi.internal.serviceregistry.FilteredServiceListener.serviceChanged(FilteredServiceListener.java:107)
	at org.eclipse.osgi.framework.internal.core.BundleContextImpl.dispatchEvent(BundleContextImpl.java:861)
	at org.eclipse.osgi.framework.eventmgr.EventManager.dispatchEvent(EventManager.java:230)
	at org.eclipse.osgi.framework.eventmgr.ListenerQueue.dispatchEventSynchronous(ListenerQueue.java:148)
	at org.eclipse.osgi.internal.serviceregistry.ServiceRegistry.publishServiceEventPrivileged(ServiceRegistry.java:819)
	at org.eclipse.osgi.internal.serviceregistry.ServiceRegistry.publishServiceEvent(ServiceRegistry.java:771)
	at org.eclipse.osgi.internal.serviceregistry.ServiceRegistrationImpl.unregister(ServiceRegistrationImpl.java:225)
	at org.eclipse.equinox.http.servlet.internal.Activator.removeProxyServlet(Activator.java:87)
	at org.eclipse.equinox.http.servlet.internal.ProxyServlet.destroy(ProxyServlet.java:44)
	at org.eclipse.jetty.servlet.ServletHolder.destroyInstance(ServletHolder.java:362)
	at org.eclipse.jetty.servlet.ServletHolder.doStop(ServletHolder.java:336)
	at org.eclipse.jetty.util.component.AbstractLifeCycle.stop(AbstractLifeCycle.java:84)
	at org.eclipse.jetty.servlet.ServletHandler.doStop(ServletHandler.java:208)
	at org.eclipse.jetty.util.component.AbstractLifeCycle.stop(AbstractLifeCycle.java:84)
	at org.eclipse.jetty.server.handler.HandlerWrapper.doStop(HandlerWrapper.java:102)
	at org.eclipse.jetty.server.session.SessionHandler.doStop(SessionHandler.java:133)
	at org.eclipse.jetty.util.component.AbstractLifeCycle.stop(AbstractLifeCycle.java:84)
	at org.eclipse.jetty.server.handler.HandlerWrapper.doStop(HandlerWrapper.java:102)
	at org.eclipse.jetty.server.handler.ContextHandler.doStop(ContextHandler.java:798)
	at org.eclipse.jetty.servlet.ServletContextHandler.doStop(ServletContextHandler.java:153)
	at org.eclipse.jetty.util.component.AbstractLifeCycle.stop(AbstractLifeCycle.java:84)
	at org.eclipse.jetty.server.handler.HandlerCollection.doStop(HandlerCollection.java:245)
	at org.eclipse.jetty.util.component.AbstractLifeCycle.stop(AbstractLifeCycle.java:84)
	at org.eclipse.jetty.server.handler.HandlerCollection.doStop(HandlerCollection.java:245)
	at org.eclipse.jetty.util.component.AbstractLifeCycle.stop(AbstractLifeCycle.java:84)
	at org.eclipse.jetty.server.handler.HandlerWrapper.doStop(HandlerWrapper.java:102)
	at org.eclipse.jetty.server.Server.doStop(Server.java:323)
	at org.eclipse.jetty.util.component.AbstractLifeCycle.stop(AbstractLifeCycle.java:84)
	at org.eclipse.jetty.util.thread.ShutdownThread.run(ShutdownThread.java:124)
Caused by: java.lang.IllegalArgumentException: Alias not found: /classicui/openhab.app
	at org.eclipse.equinox.http.servlet.internal.HttpServiceImpl.unregister(HttpServiceImpl.java:90)
	at org.openhab.ui.webapp.internal.servlet.WebAppServlet.deactivate(WebAppServlet.java:89)
	... 41 more
Root exception:
java.lang.IllegalArgumentException: Alias not found: /classicui/openhab.app
	at org.eclipse.equinox.http.servlet.internal.HttpServiceImpl.unregister(HttpServiceImpl.java:90)
	at org.openhab.ui.webapp.internal.servlet.WebAppServlet.deactivate(WebAppServlet.java:89)
	at sun.reflect.NativeMethodAccessorImpl.invoke0(Native Method)
	at sun.reflect.NativeMethodAccessorImpl.invoke(NativeMethodAccessorImpl.java:62)
	at sun.reflect.DelegatingMethodAccessorImpl.invoke(DelegatingMethodAccessorImpl.java:43)
	at java.lang.reflect.Method.invoke(Method.java:498)
	at org.eclipse.equinox.internal.ds.model.ServiceComponent.deactivate(ServiceComponent.java:363)
	at org.eclipse.equinox.internal.ds.model.ServiceComponentProp.deactivate(ServiceComponentProp.java:161)
	at org.eclipse.equinox.internal.ds.model.ServiceComponentProp.dispose(ServiceComponentProp.java:387)
	at org.eclipse.equinox.internal.ds.model.ServiceComponentProp.dispose(ServiceComponentProp.java:102)
	at org.eclipse.equinox.internal.ds.InstanceProcess.disposeInstances(InstanceProcess.java:344)
	at org.eclipse.equinox.internal.ds.InstanceProcess.disposeInstances(InstanceProcess.java:306)
	at org.eclipse.equinox.internal.ds.Resolver.getEligible(Resolver.java:368)
	at org.eclipse.equinox.internal.ds.SCRManager.serviceChanged(SCRManager.java:222)
	at org.eclipse.osgi.internal.serviceregistry.FilteredServiceListener.serviceChanged(FilteredServiceListener.java:107)
	at org.eclipse.osgi.framework.internal.core.BundleContextImpl.dispatchEvent(BundleContextImpl.java:861)
	at org.eclipse.osgi.framework.eventmgr.EventManager.dispatchEvent(EventManager.java:230)
	at org.eclipse.osgi.framework.eventmgr.ListenerQueue.dispatchEventSynchronous(ListenerQueue.java:148)
	at org.eclipse.osgi.internal.serviceregistry.ServiceRegistry.publishServiceEventPrivileged(ServiceRegistry.java:819)
	at org.eclipse.osgi.internal.serviceregistry.ServiceRegistry.publishServiceEvent(ServiceRegistry.java:771)
	at org.eclipse.osgi.internal.serviceregistry.ServiceRegistrationImpl.unregister(ServiceRegistrationImpl.java:225)
	at org.eclipse.equinox.http.servlet.internal.Activator.removeProxyServlet(Activator.java:87)
	at org.eclipse.equinox.http.servlet.internal.ProxyServlet.destroy(ProxyServlet.java:44)
	at org.eclipse.jetty.servlet.ServletHolder.destroyInstance(ServletHolder.java:362)
	at org.eclipse.jetty.servlet.ServletHolder.doStop(ServletHolder.java:336)
	at org.eclipse.jetty.util.component.AbstractLifeCycle.stop(AbstractLifeCycle.java:84)
	at org.eclipse.jetty.servlet.ServletHandler.doStop(ServletHandler.java:208)
	at org.eclipse.jetty.util.component.AbstractLifeCycle.stop(AbstractLifeCycle.java:84)
	at org.eclipse.jetty.server.handler.HandlerWrapper.doStop(HandlerWrapper.java:102)
	at org.eclipse.jetty.server.session.SessionHandler.doStop(SessionHandler.java:133)
	at org.eclipse.jetty.util.component.AbstractLifeCycle.stop(AbstractLifeCycle.java:84)
	at org.eclipse.jetty.server.handler.HandlerWrapper.doStop(HandlerWrapper.java:102)
	at org.eclipse.jetty.server.handler.ContextHandler.doStop(ContextHandler.java:798)
	at org.eclipse.jetty.servlet.ServletContextHandler.doStop(ServletContextHandler.java:153)
	at org.eclipse.jetty.util.component.AbstractLifeCycle.stop(AbstractLifeCycle.java:84)
	at org.eclipse.jetty.server.handler.HandlerCollection.doStop(HandlerCollection.java:245)
	at org.eclipse.jetty.util.component.AbstractLifeCycle.stop(AbstractLifeCycle.java:84)
	at org.eclipse.jetty.server.handler.HandlerCollection.doStop(HandlerCollection.java:245)
	at org.eclipse.jetty.util.component.AbstractLifeCycle.stop(AbstractLifeCycle.java:84)
	at org.eclipse.jetty.server.handler.HandlerWrapper.doStop(HandlerWrapper.java:102)
	at org.eclipse.jetty.server.Server.doStop(Server.java:323)
	at org.eclipse.jetty.util.component.AbstractLifeCycle.stop(AbstractLifeCycle.java:84)
	at org.eclipse.jetty.util.thread.ShutdownThread.run(ShutdownThread.java:124)
