2016-08-28 20:11:21,840 - Temperature_GF_Corridor  : 17.60000000
2016-08-28 20:11:21,927 - Temperature_GF_Toilet    : 19.40000000
2016-08-28 20:11:22,008 - Temperature_GF_Living    : 20.10000000
2016-08-28 20:11:22,284 - Temperature_GF_Kitchen   : 18.50000000
2016-08-28 20:11:22,356 - Temperature_FF_Bath      : 19.10000000
2016-08-28 20:11:22,403 - Temperature_FF_Office    : 20.70000000
2016-08-28 20:11:22,475 - Temperature_FF_Child     : 22.50000000
2016-08-28 20:11:22,529 - Temperature_FF_Bed       : 18.70000000
2016-08-28 20:15:00,175 - Temperature_GF_Corridor  : 22.40000000
2016-08-28 20:15:00,272 - Temperature_GF_Toilet    : 20.00000000
2016-08-28 20:15:00,407 - Temperature_GF_Living    : 22.00000000
2016-08-28 20:15:00,500 - Temperature_GF_Kitchen   : 19.70000000
2016-08-28 20:15:00,551 - Temperature_FF_Bath      : 20.30000000
2016-08-28 20:15:00,633 - Temperature_FF_Office    : 17.90000000
2016-08-28 20:15:00,690 - Temperature_FF_Child     : 18.90000000
2016-08-28 20:15:00,729 - Temperature_FF_Bed       : 21.70000000
2016-08-28 20:20:00,083 - Temperature_GF_Corridor  : 17.60000000
2016-08-28 20:20:00,168 - Temperature_GF_Toilet    : 20.40000000
2016-08-28 20:20:00,240 - Temperature_GF_Living    : 19.30000000
2016-08-28 20:20:00,336 - Temperature_GF_Kitchen   : 20.10000000
2016-08-28 20:20:00,433 - Temperature_FF_Bath      : 22.20000000
2016-08-28 20:20:00,503 - Temperature_FF_Office    : 18.70000000
2016-08-28 20:20:00,600 - Temperature_FF_Child     : 17.80000000
2016-08-28 20:20:00,706 - Temperature_FF_Bed       : 18.40000000
