2016-08-28 17:05:17.400 [WARN ] [o.config.core.ConfigDispatcher] - Main openHAB configuration file 'configurations/openhab.cfg' does not exist.
2016-08-28 17:05:17.503 [INFO ] [.o.core.internal.CoreActivator] - openHAB runtime has been started (v1.8.3).
2016-08-28 17:05:26.963 [INFO ] [o.o.i.s.i.DiscoveryServiceImpl] - mDNS service has been started
2016-08-28 17:05:27.608 [INFO ] [o.o.i.s.i.DiscoveryServiceImpl] - Service Discovery initialization completed.
2016-08-28 17:05:48.525 [INFO ] [penhab.io.rest.RESTApplication] - Started REST API at /rest
2016-08-28 17:05:54.411 [INFO ] [.o.u.w.i.servlet.WebAppServlet] - Started Classic UI at /classicui/openhab.app
2016-08-28 18:37:24.939 [WARN ] [e.jetty.servlet.ServletHandler] - /openhab.app
org.openhab.ui.webapp.render.RenderException: Sitemap 'default' could not be found
	at org.openhab.ui.webapp.internal.servlet.WebAppServlet.service(WebAppServlet.java:115) ~[na:na]
	at org.eclipse.equinox.http.servlet.internal.ServletRegistration.service(ServletRegistration.java:61) ~[na:na]
	at org.eclipse.equinox.http.servlet.internal.ProxyServlet.processAlias(ProxyServlet.java:128) ~[na:na]
	at org.eclipse.equinox.http.servlet.internal.ProxyServlet.service(ProxyServlet.java:60) ~[na:na]
	at javax.servlet.http.HttpServlet.service(HttpServlet.java:848) ~[javax.servlet_3.0.0.v201112011016.jar:na]
	at org.eclipse.jetty.servlet.ServletHolder.handle(ServletHolder.java:598) ~[org.eclipse.jetty.servlet_8.1.3.v20120522.jar:8.1.3.v20120522]
	at org.eclipse.jetty.servlet.ServletHandler.doHandle(ServletHandler.java:486) [org.eclipse.jetty.servlet_8.1.3.v20120522.jar:8.1.3.v20120522]
	at org.eclipse.jetty.server.session.SessionHandler.doHandle(SessionHandler.java:231) [org.eclipse.jetty.server_8.1.3.v20120522.jar:8.1.3.v20120522]
	at org.eclipse.jetty.server.handler.ContextHandler.doHandle(ContextHandler.java:1065) [org.eclipse.jetty.server_8.1.3.v20120522.jar:8.1.3.v20120522]
	at org.eclipse.jetty.servlet.ServletHandler.doScope(ServletHandler.java:413) [org.eclipse.jetty.servlet_8.1.3.v20120522.jar:8.1.3.v20120522]
	at org.eclipse.jetty.server.session.SessionHandler.doScope(SessionHandler.java:192) [org.eclipse.jetty.server_8.1.3.v20120522.jar:8.1.3.v20120522]
	at org.eclipse.jetty.server.handler.ContextHandler.doScope(ContextHandler.java:999) [org.eclipse.jetty.server_8.1.3.v20120522.jar:8.1.3.v20120522]
	at org.eclipse.jetty.server.handler.ScopedHandler.handle(ScopedHandler.java:117) [org.eclipse.jetty.server_8.1.3.v20120522.jar:8.1.3.v20120522]
	at org.eclipse.jetty.server.handler.ContextHandlerCollection.handle(ContextHandlerCollection.java:250) [org.eclipse.jetty.server_8.1.3.v20120522.jar:8.1.3.v20120522]
	at org.eclipse.jetty.server.handler.HandlerCollection.handle(HandlerCollection.java:149) [org.eclipse.jetty.server_8.1.3.v20120522.jar:8.1.3.v20120522]
	at org.eclipse.jetty.server.handler.HandlerWrapper.handle(HandlerWrapper.java:111) [org.eclipse.jetty.server_8.1.3.v20120522.jar:8.1.3.v20120522]
	at org.eclipse.jetty.server.Server.handle(Server.java:350) [org.eclipse.jetty.server_8.1.3.v20120522.jar:8.1.3.v20120522]
	at org.eclipse.jetty.server.AbstractHttpConnection.handleRequest(AbstractHttpConnection.java:454) [org.eclipse.jetty.server_8.1.3.v20120522.jar:8.1.3.v20120522]
	at org.eclipse.jetty.server.AbstractHttpConnection.headerComplete(AbstractHttpConnection.java:890) [org.eclipse.jetty.server_8.1.3.v20120522.jar:8.1.3.v20120522]
	at org.eclipse.jetty.server.AbstractHttpConnection$RequestHandler.headerComplete(AbstractHttpConnection.java:944) [org.eclipse.jetty.server_8.1.3.v20120522.jar:8.1.3.v20120522]
	at org.eclipse.jetty.http.HttpParser.parseNext(HttpParser.java:630) [org.eclipse.jetty.http_8.1.3.v20120522.jar:8.1.3.v20120522]
	at org.eclipse.jetty.http.HttpParser.parseAvailable(HttpParser.java:230) [org.eclipse.jetty.http_8.1.3.v20120522.jar:8.1.3.v20120522]
	at org.eclipse.jetty.server.AsyncHttpConnection.handle(AsyncHttpConnection.java:77) [org.eclipse.jetty.server_8.1.3.v20120522.jar:8.1.3.v20120522]
	at org.eclipse.jetty.io.nio.SelectChannelEndPoint.handle(SelectChannelEndPoint.java:606) [org.eclipse.jetty.io_8.1.3.v20120522.jar:8.1.3.v20120522]
	at org.eclipse.jetty.io.nio.SelectChannelEndPoint$1.run(SelectChannelEndPoint.java:46) [org.eclipse.jetty.io_8.1.3.v20120522.jar:8.1.3.v20120522]
	at org.eclipse.jetty.util.thread.QueuedThreadPool.runJob(QueuedThreadPool.java:603) [org.eclipse.jetty.util_8.1.3.v20120522.jar:8.1.3.v20120522]
	at org.eclipse.jetty.util.thread.QueuedThreadPool$3.run(QueuedThreadPool.java:538) [org.eclipse.jetty.util_8.1.3.v20120522.jar:8.1.3.v20120522]
	at java.lang.Thread.run(Thread.java:745) [na:1.8.0_91]
2016-08-28 18:38:14.441 [WARN ] [e.jetty.servlet.ServletHandler] - /openhab.app
org.openhab.ui.webapp.render.RenderException: Sitemap 'demo' could not be found
	at org.openhab.ui.webapp.internal.servlet.WebAppServlet.service(WebAppServlet.java:115) ~[na:na]
	at org.eclipse.equinox.http.servlet.internal.ServletRegistration.service(ServletRegistration.java:61) ~[na:na]
	at org.eclipse.equinox.http.servlet.internal.ProxyServlet.processAlias(ProxyServlet.java:128) ~[na:na]
	at org.eclipse.equinox.http.servlet.internal.ProxyServlet.service(ProxyServlet.java:60) ~[na:na]
	at javax.servlet.http.HttpServlet.service(HttpServlet.java:848) ~[javax.servlet_3.0.0.v201112011016.jar:na]
	at org.eclipse.jetty.servlet.ServletHolder.handle(ServletHolder.java:598) ~[org.eclipse.jetty.servlet_8.1.3.v20120522.jar:8.1.3.v20120522]
	at org.eclipse.jetty.servlet.ServletHandler.doHandle(ServletHandler.java:486) [org.eclipse.jetty.servlet_8.1.3.v20120522.jar:8.1.3.v20120522]
	at org.eclipse.jetty.server.session.SessionHandler.doHandle(SessionHandler.java:231) [org.eclipse.jetty.server_8.1.3.v20120522.jar:8.1.3.v20120522]
	at org.eclipse.jetty.server.handler.ContextHandler.doHandle(ContextHandler.java:1065) [org.eclipse.jetty.server_8.1.3.v20120522.jar:8.1.3.v20120522]
	at org.eclipse.jetty.servlet.ServletHandler.doScope(ServletHandler.java:413) [org.eclipse.jetty.servlet_8.1.3.v20120522.jar:8.1.3.v20120522]
	at org.eclipse.jetty.server.session.SessionHandler.doScope(SessionHandler.java:192) [org.eclipse.jetty.server_8.1.3.v20120522.jar:8.1.3.v20120522]
	at org.eclipse.jetty.server.handler.ContextHandler.doScope(ContextHandler.java:999) [org.eclipse.jetty.server_8.1.3.v20120522.jar:8.1.3.v20120522]
	at org.eclipse.jetty.server.handler.ScopedHandler.handle(ScopedHandler.java:117) [org.eclipse.jetty.server_8.1.3.v20120522.jar:8.1.3.v20120522]
	at org.eclipse.jetty.server.handler.ContextHandlerCollection.handle(ContextHandlerCollection.java:250) [org.eclipse.jetty.server_8.1.3.v20120522.jar:8.1.3.v20120522]
	at org.eclipse.jetty.server.handler.HandlerCollection.handle(HandlerCollection.java:149) [org.eclipse.jetty.server_8.1.3.v20120522.jar:8.1.3.v20120522]
	at org.eclipse.jetty.server.handler.HandlerWrapper.handle(HandlerWrapper.java:111) [org.eclipse.jetty.server_8.1.3.v20120522.jar:8.1.3.v20120522]
	at org.eclipse.jetty.server.Server.handle(Server.java:350) [org.eclipse.jetty.server_8.1.3.v20120522.jar:8.1.3.v20120522]
	at org.eclipse.jetty.server.AbstractHttpConnection.handleRequest(AbstractHttpConnection.java:454) [org.eclipse.jetty.server_8.1.3.v20120522.jar:8.1.3.v20120522]
	at org.eclipse.jetty.server.AbstractHttpConnection.headerComplete(AbstractHttpConnection.java:890) [org.eclipse.jetty.server_8.1.3.v20120522.jar:8.1.3.v20120522]
	at org.eclipse.jetty.server.AbstractHttpConnection$RequestHandler.headerComplete(AbstractHttpConnection.java:944) [org.eclipse.jetty.server_8.1.3.v20120522.jar:8.1.3.v20120522]
	at org.eclipse.jetty.http.HttpParser.parseNext(HttpParser.java:630) [org.eclipse.jetty.http_8.1.3.v20120522.jar:8.1.3.v20120522]
	at org.eclipse.jetty.http.HttpParser.parseAvailable(HttpParser.java:230) [org.eclipse.jetty.http_8.1.3.v20120522.jar:8.1.3.v20120522]
	at org.eclipse.jetty.server.AsyncHttpConnection.handle(AsyncHttpConnection.java:77) [org.eclipse.jetty.server_8.1.3.v20120522.jar:8.1.3.v20120522]
	at org.eclipse.jetty.io.nio.SelectChannelEndPoint.handle(SelectChannelEndPoint.java:606) [org.eclipse.jetty.io_8.1.3.v20120522.jar:8.1.3.v20120522]
	at org.eclipse.jetty.io.nio.SelectChannelEndPoint$1.run(SelectChannelEndPoint.java:46) [org.eclipse.jetty.io_8.1.3.v20120522.jar:8.1.3.v20120522]
	at org.eclipse.jetty.util.thread.QueuedThreadPool.runJob(QueuedThreadPool.java:603) [org.eclipse.jetty.util_8.1.3.v20120522.jar:8.1.3.v20120522]
	at org.eclipse.jetty.util.thread.QueuedThreadPool$3.run(QueuedThreadPool.java:538) [org.eclipse.jetty.util_8.1.3.v20120522.jar:8.1.3.v20120522]
	at java.lang.Thread.run(Thread.java:745) [na:1.8.0_91]
2016-08-28 18:40:39.552 [WARN ] [e.jetty.servlet.ServletHandler] - /openhab.app
org.openhab.ui.webapp.render.RenderException: Sitemap 'default' could not be found
	at org.openhab.ui.webapp.internal.servlet.WebAppServlet.service(WebAppServlet.java:115) ~[na:na]
	at org.eclipse.equinox.http.servlet.internal.ServletRegistration.service(ServletRegistration.java:61) ~[na:na]
	at org.eclipse.equinox.http.servlet.internal.ProxyServlet.processAlias(ProxyServlet.java:128) ~[na:na]
	at org.eclipse.equinox.http.servlet.internal.ProxyServlet.service(ProxyServlet.java:60) ~[na:na]
	at javax.servlet.http.HttpServlet.service(HttpServlet.java:848) ~[javax.servlet_3.0.0.v201112011016.jar:na]
	at org.eclipse.jetty.servlet.ServletHolder.handle(ServletHolder.java:598) ~[org.eclipse.jetty.servlet_8.1.3.v20120522.jar:8.1.3.v20120522]
	at org.eclipse.jetty.servlet.ServletHandler.doHandle(ServletHandler.java:486) [org.eclipse.jetty.servlet_8.1.3.v20120522.jar:8.1.3.v20120522]
	at org.eclipse.jetty.server.session.SessionHandler.doHandle(SessionHandler.java:231) [org.eclipse.jetty.server_8.1.3.v20120522.jar:8.1.3.v20120522]
	at org.eclipse.jetty.server.handler.ContextHandler.doHandle(ContextHandler.java:1065) [org.eclipse.jetty.server_8.1.3.v20120522.jar:8.1.3.v20120522]
	at org.eclipse.jetty.servlet.ServletHandler.doScope(ServletHandler.java:413) [org.eclipse.jetty.servlet_8.1.3.v20120522.jar:8.1.3.v20120522]
	at org.eclipse.jetty.server.session.SessionHandler.doScope(SessionHandler.java:192) [org.eclipse.jetty.server_8.1.3.v20120522.jar:8.1.3.v20120522]
	at org.eclipse.jetty.server.handler.ContextHandler.doScope(ContextHandler.java:999) [org.eclipse.jetty.server_8.1.3.v20120522.jar:8.1.3.v20120522]
	at org.eclipse.jetty.server.handler.ScopedHandler.handle(ScopedHandler.java:117) [org.eclipse.jetty.server_8.1.3.v20120522.jar:8.1.3.v20120522]
	at org.eclipse.jetty.server.handler.ContextHandlerCollection.handle(ContextHandlerCollection.java:250) [org.eclipse.jetty.server_8.1.3.v20120522.jar:8.1.3.v20120522]
	at org.eclipse.jetty.server.handler.HandlerCollection.handle(HandlerCollection.java:149) [org.eclipse.jetty.server_8.1.3.v20120522.jar:8.1.3.v20120522]
	at org.eclipse.jetty.server.handler.HandlerWrapper.handle(HandlerWrapper.java:111) [org.eclipse.jetty.server_8.1.3.v20120522.jar:8.1.3.v20120522]
	at org.eclipse.jetty.server.Server.handle(Server.java:350) [org.eclipse.jetty.server_8.1.3.v20120522.jar:8.1.3.v20120522]
	at org.eclipse.jetty.server.AbstractHttpConnection.handleRequest(AbstractHttpConnection.java:454) [org.eclipse.jetty.server_8.1.3.v20120522.jar:8.1.3.v20120522]
	at org.eclipse.jetty.server.AbstractHttpConnection.headerComplete(AbstractHttpConnection.java:890) [org.eclipse.jetty.server_8.1.3.v20120522.jar:8.1.3.v20120522]
	at org.eclipse.jetty.server.AbstractHttpConnection$RequestHandler.headerComplete(AbstractHttpConnection.java:944) [org.eclipse.jetty.server_8.1.3.v20120522.jar:8.1.3.v20120522]
	at org.eclipse.jetty.http.HttpParser.parseNext(HttpParser.java:630) [org.eclipse.jetty.http_8.1.3.v20120522.jar:8.1.3.v20120522]
	at org.eclipse.jetty.http.HttpParser.parseAvailable(HttpParser.java:230) [org.eclipse.jetty.http_8.1.3.v20120522.jar:8.1.3.v20120522]
	at org.eclipse.jetty.server.AsyncHttpConnection.handle(AsyncHttpConnection.java:77) [org.eclipse.jetty.server_8.1.3.v20120522.jar:8.1.3.v20120522]
	at org.eclipse.jetty.io.nio.SelectChannelEndPoint.handle(SelectChannelEndPoint.java:606) [org.eclipse.jetty.io_8.1.3.v20120522.jar:8.1.3.v20120522]
	at org.eclipse.jetty.io.nio.SelectChannelEndPoint$1.run(SelectChannelEndPoint.java:46) [org.eclipse.jetty.io_8.1.3.v20120522.jar:8.1.3.v20120522]
	at org.eclipse.jetty.util.thread.QueuedThreadPool.runJob(QueuedThreadPool.java:603) [org.eclipse.jetty.util_8.1.3.v20120522.jar:8.1.3.v20120522]
	at org.eclipse.jetty.util.thread.QueuedThreadPool$3.run(QueuedThreadPool.java:538) [org.eclipse.jetty.util_8.1.3.v20120522.jar:8.1.3.v20120522]
	at java.lang.Thread.run(Thread.java:745) [na:1.8.0_91]
2016-08-28 18:40:57.801 [WARN ] [e.jetty.servlet.ServletHandler] - /openhab.app
org.openhab.ui.webapp.render.RenderException: Sitemap 'default' could not be found
	at org.openhab.ui.webapp.internal.servlet.WebAppServlet.service(WebAppServlet.java:115) ~[na:na]
	at org.eclipse.equinox.http.servlet.internal.ServletRegistration.service(ServletRegistration.java:61) ~[na:na]
	at org.eclipse.equinox.http.servlet.internal.ProxyServlet.processAlias(ProxyServlet.java:128) ~[na:na]
	at org.eclipse.equinox.http.servlet.internal.ProxyServlet.service(ProxyServlet.java:60) ~[na:na]
	at javax.servlet.http.HttpServlet.service(HttpServlet.java:848) ~[javax.servlet_3.0.0.v201112011016.jar:na]
	at org.eclipse.jetty.servlet.ServletHolder.handle(ServletHolder.java:598) ~[org.eclipse.jetty.servlet_8.1.3.v20120522.jar:8.1.3.v20120522]
	at org.eclipse.jetty.servlet.ServletHandler.doHandle(ServletHandler.java:486) [org.eclipse.jetty.servlet_8.1.3.v20120522.jar:8.1.3.v20120522]
	at org.eclipse.jetty.server.session.SessionHandler.doHandle(SessionHandler.java:231) [org.eclipse.jetty.server_8.1.3.v20120522.jar:8.1.3.v20120522]
	at org.eclipse.jetty.server.handler.ContextHandler.doHandle(ContextHandler.java:1065) [org.eclipse.jetty.server_8.1.3.v20120522.jar:8.1.3.v20120522]
	at org.eclipse.jetty.servlet.ServletHandler.doScope(ServletHandler.java:413) [org.eclipse.jetty.servlet_8.1.3.v20120522.jar:8.1.3.v20120522]
	at org.eclipse.jetty.server.session.SessionHandler.doScope(SessionHandler.java:192) [org.eclipse.jetty.server_8.1.3.v20120522.jar:8.1.3.v20120522]
	at org.eclipse.jetty.server.handler.ContextHandler.doScope(ContextHandler.java:999) [org.eclipse.jetty.server_8.1.3.v20120522.jar:8.1.3.v20120522]
	at org.eclipse.jetty.server.handler.ScopedHandler.handle(ScopedHandler.java:117) [org.eclipse.jetty.server_8.1.3.v20120522.jar:8.1.3.v20120522]
	at org.eclipse.jetty.server.handler.ContextHandlerCollection.handle(ContextHandlerCollection.java:250) [org.eclipse.jetty.server_8.1.3.v20120522.jar:8.1.3.v20120522]
	at org.eclipse.jetty.server.handler.HandlerCollection.handle(HandlerCollection.java:149) [org.eclipse.jetty.server_8.1.3.v20120522.jar:8.1.3.v20120522]
	at org.eclipse.jetty.server.handler.HandlerWrapper.handle(HandlerWrapper.java:111) [org.eclipse.jetty.server_8.1.3.v20120522.jar:8.1.3.v20120522]
	at org.eclipse.jetty.server.Server.handle(Server.java:350) [org.eclipse.jetty.server_8.1.3.v20120522.jar:8.1.3.v20120522]
	at org.eclipse.jetty.server.AbstractHttpConnection.handleRequest(AbstractHttpConnection.java:454) [org.eclipse.jetty.server_8.1.3.v20120522.jar:8.1.3.v20120522]
	at org.eclipse.jetty.server.AbstractHttpConnection.headerComplete(AbstractHttpConnection.java:890) [org.eclipse.jetty.server_8.1.3.v20120522.jar:8.1.3.v20120522]
	at org.eclipse.jetty.server.AbstractHttpConnection$RequestHandler.headerComplete(AbstractHttpConnection.java:944) [org.eclipse.jetty.server_8.1.3.v20120522.jar:8.1.3.v20120522]
	at org.eclipse.jetty.http.HttpParser.parseNext(HttpParser.java:630) [org.eclipse.jetty.http_8.1.3.v20120522.jar:8.1.3.v20120522]
	at org.eclipse.jetty.http.HttpParser.parseAvailable(HttpParser.java:230) [org.eclipse.jetty.http_8.1.3.v20120522.jar:8.1.3.v20120522]
	at org.eclipse.jetty.server.AsyncHttpConnection.handle(AsyncHttpConnection.java:77) [org.eclipse.jetty.server_8.1.3.v20120522.jar:8.1.3.v20120522]
	at org.eclipse.jetty.io.nio.SelectChannelEndPoint.handle(SelectChannelEndPoint.java:606) [org.eclipse.jetty.io_8.1.3.v20120522.jar:8.1.3.v20120522]
	at org.eclipse.jetty.io.nio.SelectChannelEndPoint$1.run(SelectChannelEndPoint.java:46) [org.eclipse.jetty.io_8.1.3.v20120522.jar:8.1.3.v20120522]
	at org.eclipse.jetty.util.thread.QueuedThreadPool.runJob(QueuedThreadPool.java:603) [org.eclipse.jetty.util_8.1.3.v20120522.jar:8.1.3.v20120522]
	at org.eclipse.jetty.util.thread.QueuedThreadPool$3.run(QueuedThreadPool.java:538) [org.eclipse.jetty.util_8.1.3.v20120522.jar:8.1.3.v20120522]
	at java.lang.Thread.run(Thread.java:745) [na:1.8.0_91]
2016-08-28 18:51:49.292 [WARN ] [e.jetty.servlet.ServletHandler] - /openhab.app
org.openhab.ui.webapp.render.RenderException: Sitemap 'default' could not be found
	at org.openhab.ui.webapp.internal.servlet.WebAppServlet.service(WebAppServlet.java:115) ~[na:na]
	at org.eclipse.equinox.http.servlet.internal.ServletRegistration.service(ServletRegistration.java:61) ~[na:na]
	at org.eclipse.equinox.http.servlet.internal.ProxyServlet.processAlias(ProxyServlet.java:128) ~[na:na]
	at org.eclipse.equinox.http.servlet.internal.ProxyServlet.service(ProxyServlet.java:60) ~[na:na]
	at javax.servlet.http.HttpServlet.service(HttpServlet.java:848) ~[javax.servlet_3.0.0.v201112011016.jar:na]
	at org.eclipse.jetty.servlet.ServletHolder.handle(ServletHolder.java:598) ~[org.eclipse.jetty.servlet_8.1.3.v20120522.jar:8.1.3.v20120522]
	at org.eclipse.jetty.servlet.ServletHandler.doHandle(ServletHandler.java:486) [org.eclipse.jetty.servlet_8.1.3.v20120522.jar:8.1.3.v20120522]
	at org.eclipse.jetty.server.session.SessionHandler.doHandle(SessionHandler.java:231) [org.eclipse.jetty.server_8.1.3.v20120522.jar:8.1.3.v20120522]
	at org.eclipse.jetty.server.handler.ContextHandler.doHandle(ContextHandler.java:1065) [org.eclipse.jetty.server_8.1.3.v20120522.jar:8.1.3.v20120522]
	at org.eclipse.jetty.servlet.ServletHandler.doScope(ServletHandler.java:413) [org.eclipse.jetty.servlet_8.1.3.v20120522.jar:8.1.3.v20120522]
	at org.eclipse.jetty.server.session.SessionHandler.doScope(SessionHandler.java:192) [org.eclipse.jetty.server_8.1.3.v20120522.jar:8.1.3.v20120522]
	at org.eclipse.jetty.server.handler.ContextHandler.doScope(ContextHandler.java:999) [org.eclipse.jetty.server_8.1.3.v20120522.jar:8.1.3.v20120522]
	at org.eclipse.jetty.server.handler.ScopedHandler.handle(ScopedHandler.java:117) [org.eclipse.jetty.server_8.1.3.v20120522.jar:8.1.3.v20120522]
	at org.eclipse.jetty.server.handler.ContextHandlerCollection.handle(ContextHandlerCollection.java:250) [org.eclipse.jetty.server_8.1.3.v20120522.jar:8.1.3.v20120522]
	at org.eclipse.jetty.server.handler.HandlerCollection.handle(HandlerCollection.java:149) [org.eclipse.jetty.server_8.1.3.v20120522.jar:8.1.3.v20120522]
	at org.eclipse.jetty.server.handler.HandlerWrapper.handle(HandlerWrapper.java:111) [org.eclipse.jetty.server_8.1.3.v20120522.jar:8.1.3.v20120522]
	at org.eclipse.jetty.server.Server.handle(Server.java:350) [org.eclipse.jetty.server_8.1.3.v20120522.jar:8.1.3.v20120522]
	at org.eclipse.jetty.server.AbstractHttpConnection.handleRequest(AbstractHttpConnection.java:454) [org.eclipse.jetty.server_8.1.3.v20120522.jar:8.1.3.v20120522]
	at org.eclipse.jetty.server.AbstractHttpConnection.headerComplete(AbstractHttpConnection.java:890) [org.eclipse.jetty.server_8.1.3.v20120522.jar:8.1.3.v20120522]
	at org.eclipse.jetty.server.AbstractHttpConnection$RequestHandler.headerComplete(AbstractHttpConnection.java:944) [org.eclipse.jetty.server_8.1.3.v20120522.jar:8.1.3.v20120522]
	at org.eclipse.jetty.http.HttpParser.parseNext(HttpParser.java:630) [org.eclipse.jetty.http_8.1.3.v20120522.jar:8.1.3.v20120522]
	at org.eclipse.jetty.http.HttpParser.parseAvailable(HttpParser.java:230) [org.eclipse.jetty.http_8.1.3.v20120522.jar:8.1.3.v20120522]
	at org.eclipse.jetty.server.AsyncHttpConnection.handle(AsyncHttpConnection.java:77) [org.eclipse.jetty.server_8.1.3.v20120522.jar:8.1.3.v20120522]
	at org.eclipse.jetty.io.nio.SelectChannelEndPoint.handle(SelectChannelEndPoint.java:606) [org.eclipse.jetty.io_8.1.3.v20120522.jar:8.1.3.v20120522]
	at org.eclipse.jetty.io.nio.SelectChannelEndPoint$1.run(SelectChannelEndPoint.java:46) [org.eclipse.jetty.io_8.1.3.v20120522.jar:8.1.3.v20120522]
	at org.eclipse.jetty.util.thread.QueuedThreadPool.runJob(QueuedThreadPool.java:603) [org.eclipse.jetty.util_8.1.3.v20120522.jar:8.1.3.v20120522]
	at org.eclipse.jetty.util.thread.QueuedThreadPool$3.run(QueuedThreadPool.java:538) [org.eclipse.jetty.util_8.1.3.v20120522.jar:8.1.3.v20120522]
	at java.lang.Thread.run(Thread.java:745) [na:1.8.0_91]
2016-08-28 18:52:08.651 [INFO ] [penhab.io.rest.RESTApplication] - Stopped REST API
